c:\users\user\desktop\newlearningnonstopc++fortrpo\newlearningnonstopc++fortrpo\debug\vc142.pdb
c:\users\user\desktop\newlearningnonstopc++fortrpo\newlearningnonstopc++fortrpo\debug\vc142.idb
c:\users\user\desktop\newlearningnonstopc++fortrpo\newlearningnonstopc++fortrpo\debug\stack.obj
c:\users\user\desktop\newlearningnonstopc++fortrpo\newlearningnonstopc++fortrpo\debug\personkeeper.obj
c:\users\user\desktop\newlearningnonstopc++fortrpo\newlearningnonstopc++fortrpo\debug\main.obj
c:\users\user\desktop\newlearningnonstopc++fortrpo\newlearningnonstopc++fortrpo\debug\estackexeption.obj
c:\users\user\desktop\newlearningnonstopc++fortrpo\debug\newlearningnonstopc++fortrpo.pdb
c:\users\user\desktop\newlearningnonstopc++fortrpo\newlearningnonstopc++fortrpo\debug\newlearn.3e897527.tlog\cl.command.1.tlog
c:\users\user\desktop\newlearningnonstopc++fortrpo\newlearningnonstopc++fortrpo\debug\newlearn.3e897527.tlog\cl.read.1.tlog
c:\users\user\desktop\newlearningnonstopc++fortrpo\newlearningnonstopc++fortrpo\debug\newlearn.3e897527.tlog\cl.write.1.tlog
c:\users\user\desktop\newlearningnonstopc++fortrpo\newlearningnonstopc++fortrpo\debug\newlearn.3e897527.tlog\link-cvtres.read.1.tlog
c:\users\user\desktop\newlearningnonstopc++fortrpo\newlearningnonstopc++fortrpo\debug\newlearn.3e897527.tlog\link-cvtres.write.1.tlog
c:\users\user\desktop\newlearningnonstopc++fortrpo\newlearningnonstopc++fortrpo\debug\newlearn.3e897527.tlog\link-rc.read.1.tlog
c:\users\user\desktop\newlearningnonstopc++fortrpo\newlearningnonstopc++fortrpo\debug\newlearn.3e897527.tlog\link-rc.write.1.tlog
c:\users\user\desktop\newlearningnonstopc++fortrpo\newlearningnonstopc++fortrpo\debug\newlearn.3e897527.tlog\link.52028-cvtres.read.1.tlog
c:\users\user\desktop\newlearningnonstopc++fortrpo\newlearningnonstopc++fortrpo\debug\newlearn.3e897527.tlog\link.52028-cvtres.write.1.tlog
c:\users\user\desktop\newlearningnonstopc++fortrpo\newlearningnonstopc++fortrpo\debug\newlearn.3e897527.tlog\link.52028-rc.read.1.tlog
c:\users\user\desktop\newlearningnonstopc++fortrpo\newlearningnonstopc++fortrpo\debug\newlearn.3e897527.tlog\link.52028-rc.write.1.tlog
c:\users\user\desktop\newlearningnonstopc++fortrpo\newlearningnonstopc++fortrpo\debug\newlearn.3e897527.tlog\link.52028.read.1.tlog
c:\users\user\desktop\newlearningnonstopc++fortrpo\newlearningnonstopc++fortrpo\debug\newlearn.3e897527.tlog\link.52028.write.1.tlog
c:\users\user\desktop\newlearningnonstopc++fortrpo\newlearningnonstopc++fortrpo\debug\newlearn.3e897527.tlog\link.command.1.tlog
c:\users\user\desktop\newlearningnonstopc++fortrpo\newlearningnonstopc++fortrpo\debug\newlearn.3e897527.tlog\link.read.1.tlog
c:\users\user\desktop\newlearningnonstopc++fortrpo\newlearningnonstopc++fortrpo\debug\newlearn.3e897527.tlog\link.write.1.tlog
